0 info it worked if it ends with ok
1 verbose cli [ 'C:\\Program Files (x86)\\nodejs\\\\node.exe',
1 verbose cli   'C:\\Program Files (x86)\\nodejs\\node_modules\\npm\\bin\\npm-cli.js',
1 verbose cli   'install',
1 verbose cli   'npm',
1 verbose cli   '-g',
1 verbose cli   '.' ]
2 info using npm@1.4.28
3 info using node@v0.10.33
4 verbose node symlink C:\Program Files (x86)\nodejs\\node.exe
5 verbose cache add [ 'npm', null ]
6 verbose cache add name=undefined spec="npm" args=["npm",null]
7 verbose parsed url { protocol: null,
7 verbose parsed url   slashes: null,
7 verbose parsed url   auth: null,
7 verbose parsed url   host: null,
7 verbose parsed url   port: null,
7 verbose parsed url   hostname: null,
7 verbose parsed url   hash: null,
7 verbose parsed url   search: null,
7 verbose parsed url   query: null,
7 verbose parsed url   pathname: 'npm',
7 verbose parsed url   path: 'npm',
7 verbose parsed url   href: 'npm' }
8 verbose cache add [ '.', null ]
9 verbose cache add name=undefined spec="." args=[".",null]
10 verbose parsed url { protocol: null,
10 verbose parsed url   slashes: null,
10 verbose parsed url   auth: null,
10 verbose parsed url   host: null,
10 verbose parsed url   port: null,
10 verbose parsed url   hostname: null,
10 verbose parsed url   hash: null,
10 verbose parsed url   search: null,
10 verbose parsed url   query: null,
10 verbose parsed url   pathname: '.',
10 verbose parsed url   path: '.',
10 verbose parsed url   href: '.' }
11 silly lockFile 660051d1-npm npm
12 verbose lock npm C:\Users\Jared\AppData\Roaming\npm-cache\660051d1-npm.lock
13 silly lockFile 3a52ce78- .
14 verbose lock . C:\Users\Jared\AppData\Roaming\npm-cache\3a52ce78-.lock
15 silly lockFile 660051d1-npm npm
16 silly lockFile 660051d1-npm npm
17 verbose addNamed [ 'npm', '' ]
18 verbose addNamed [ null, '*' ]
19 silly lockFile 2f990b75-npm npm@
20 verbose lock npm@ C:\Users\Jared\AppData\Roaming\npm-cache\2f990b75-npm.lock
21 silly addNameRange { name: 'npm', range: '*', hasData: false }
22 silly lockFile 3a52ce78- .
23 silly lockFile 3a52ce78- .
24 verbose request where is /npm
25 verbose request registry https://registry.npmjs.org/
26 verbose request id addd530d60c8f856
27 verbose url raw /npm
28 verbose url resolving [ 'https://registry.npmjs.org/', './npm' ]
29 verbose url resolved https://registry.npmjs.org/npm
30 verbose request where is https://registry.npmjs.org/npm
31 info trying registry request attempt 1 at 16:26:24
32 verbose etag "C0RAAIEX2N19VSE58DNTQN34C"
33 http GET https://registry.npmjs.org/npm
34 error addLocal Could not install .
35 http 304 https://registry.npmjs.org/npm
36 silly registry.get cb [ 304,
36 silly registry.get   { date: 'Fri, 20 Feb 2015 23:26:27 GMT',
36 silly registry.get     server: 'Apache',
36 silly registry.get     via: '1.1 varnish',
36 silly registry.get     'last-modified': 'Fri, 20 Feb 2015 23:26:27 GMT',
36 silly registry.get     'cache-control': 'max-age=60',
36 silly registry.get     etag: '"C0RAAIEX2N19VSE58DNTQN34C"',
36 silly registry.get     age: '0',
36 silly registry.get     'x-served-by': 'cache-sjc3126-SJC',
36 silly registry.get     'x-cache': 'HIT',
36 silly registry.get     'x-cache-hits': '1',
36 silly registry.get     'x-timer': 'S1424474787.395017,VS0,VE42',
36 silly registry.get     vary: 'Accept',
36 silly registry.get     'content-length': '0',
36 silly registry.get     'keep-alive': 'timeout=10, max=50',
36 silly registry.get     connection: 'Keep-Alive' } ]
37 verbose etag https://registry.npmjs.org/npm from cache
38 silly addNameRange number 2 { name: 'npm', range: '*', hasData: true }
39 silly addNameRange versions [ 'npm',
39 silly addNameRange   [ '1.1.25',
39 silly addNameRange     '1.2.32',
39 silly addNameRange     '1.3.2',
39 silly addNameRange     '1.3.4',
39 silly addNameRange     '1.2.20',
39 silly addNameRange     '1.2.21',
39 silly addNameRange     '1.2.22',
39 silly addNameRange     '1.2.23',
39 silly addNameRange     '1.2.24',
39 silly addNameRange     '1.2.25',
39 silly addNameRange     '1.2.27',
39 silly addNameRange     '1.2.28',
39 silly addNameRange     '1.2.30',
39 silly addNameRange     '1.2.31',
39 silly addNameRange     '1.3.0',
39 silly addNameRange     '1.3.1',
39 silly addNameRange     '1.2.19',
39 silly addNameRange     '1.1.70',
39 silly addNameRange     '1.1.71',
39 silly addNameRange     '1.3.5',
39 silly addNameRange     '1.3.6',
39 silly addNameRange     '1.3.7',
39 silly addNameRange     '1.3.8',
39 silly addNameRange     '1.3.9',
39 silly addNameRange     '1.3.10',
39 silly addNameRange     '1.3.11',
39 silly addNameRange     '1.3.12',
39 silly addNameRange     '1.3.13',
39 silly addNameRange     '1.3.14',
39 silly addNameRange     '1.3.15',
39 silly addNameRange     '1.3.16',
39 silly addNameRange     '1.3.17',
39 silly addNameRange     '1.3.18',
39 silly addNameRange     '1.3.20',
39 silly addNameRange     '1.3.21',
39 silly addNameRange     '1.3.22',
39 silly addNameRange     '1.3.23',
39 silly addNameRange     '1.3.24',
39 silly addNameRange     '1.3.25',
39 silly addNameRange     '1.3.26',
39 silly addNameRange     '1.4.0',
39 silly addNameRange     '1.4.1',
39 silly addNameRange     '1.4.2',
39 silly addNameRange     '1.4.3',
39 silly addNameRange     '1.4.4',
39 silly addNameRange     '1.4.5',
39 silly addNameRange     '1.4.6',
39 silly addNameRange     '1.4.7',
39 silly addNameRange     '1.4.8',
39 silly addNameRange     '1.4.9',
39 silly addNameRange     '1.4.10',
39 silly addNameRange     '1.4.11',
39 silly addNameRange     '1.4.12',
39 silly addNameRange     '1.4.13',
39 silly addNameRange     '1.4.14',
39 silly addNameRange     '1.4.15',
39 silly addNameRange     '1.4.16',
39 silly addNameRange     '1.2.8000',
39 silly addNameRange     '1.4.17',
39 silly addNameRange     '1.4.18',
39 silly addNameRange     '1.4.19',
39 silly addNameRange     '1.5.0-alpha-0',
39 silly addNameRange     '1.5.0-alpha-1',
39 silly addNameRange     '1.4.20',
39 silly addNameRange     '1.5.0-alpha-2',
39 silly addNameRange     '1.4.21',
39 silly addNameRange     '1.5.0-alpha-3',
39 silly addNameRange     '1.5.0-alpha-4',
39 silly addNameRange     '2.0.0-alpha-5',
39 silly addNameRange     '1.4.22',
39 silly addNameRange     '1.4.23',
39 silly addNameRange     '2.0.0-alpha.6.0',
39 silly addNameRange     '1.4.24',
39 silly addNameRange     '2.0.0-alpha.6',
39 silly addNameRange     '2.0.0-alpha.7',
39 silly addNameRange     '2.0.0-beta.0',
39 silly addNameRange     '1.4.25',
39 silly addNameRange     '2.0.0-beta.1',
39 silly addNameRange     '1.4.26',
39 silly addNameRange     '2.0.0-beta.2',
39 silly addNameRange     '1.4.27',
39 silly addNameRange     '2.0.0-beta.3',
39 silly addNameRange     '1.4.28',
39 silly addNameRange     '2.0.0',
39 silly addNameRange     '2.0.1',
39 silly addNameRange     '2.0.2',
39 silly addNameRange     '2.1.0',
39 silly addNameRange     '2.1.1',
39 silly addNameRange     '2.1.2',
39 silly addNameRange     '2.1.3',
39 silly addNameRange     '2.1.4',
39 silly addNameRange     '2.1.5',
39 silly addNameRange     '2.1.6',
39 silly addNameRange     '2.1.7',
39 silly addNameRange     '2.1.8',
39 silly addNameRange     '2.1.9',
39 silly addNameRange     '2.1.10',
39 silly addNameRange     '2.1.11',
39 silly addNameRange     '2.1.12',
39 silly addNameRange     '2.1.13',
39 silly addNameRange     '2.1.14',
39 silly addNameRange     '2.1.15',
39 silly addNameRange     '2.1.16',
39 silly addNameRange     '2.1.17',
39 silly addNameRange     '2.1.18',
39 silly addNameRange     '2.2.0',
39 silly addNameRange     '2.3.0',
39 silly addNameRange     '2.4.0',
39 silly addNameRange     '2.4.1',
39 silly addNameRange     '2.5.0',
39 silly addNameRange     '2.5.1',
39 silly addNameRange     '2.6.0',
39 silly addNameRange     '2.6.1' ] ]
40 verbose addNamed [ 'npm', '2.6.0' ]
41 verbose addNamed [ '2.6.0', '2.6.0' ]
42 silly lockFile 2f0e235a-npm-2-6-0 npm@2.6.0
43 verbose lock npm@2.6.0 C:\Users\Jared\AppData\Roaming\npm-cache\2f0e235a-npm-2-6-0.lock
44 silly lockFile 2f0e235a-npm-2-6-0 npm@2.6.0
45 silly lockFile 2f0e235a-npm-2-6-0 npm@2.6.0
46 silly lockFile 2f990b75-npm npm@
47 silly lockFile 2f990b75-npm npm@
48 error Error: No version provided
48 error     at needVersion (C:\Program Files (x86)\nodejs\node_modules\npm\lib\cache\add-local.js:144:40)
48 error     at C:\Program Files (x86)\nodejs\node_modules\npm\lib\cache\add-local.js:77:10
48 error     at C:\Program Files (x86)\nodejs\node_modules\npm\node_modules\read-package-json\read-json.js:51:40
48 error     at final (C:\Program Files (x86)\nodejs\node_modules\npm\node_modules\read-package-json\read-json.js:349:17)
48 error     at then (C:\Program Files (x86)\nodejs\node_modules\npm\node_modules\read-package-json\read-json.js:126:33)
48 error     at C:\Program Files (x86)\nodejs\node_modules\npm\node_modules\read-package-json\read-json.js:328:57
48 error     at evalmachine.<anonymous>:207:20
48 error     at OpenReq.Req.done (C:\Program Files (x86)\nodejs\node_modules\npm\node_modules\graceful-fs\graceful-fs.js:141:5)
48 error     at OpenReq.done (C:\Program Files (x86)\nodejs\node_modules\npm\node_modules\graceful-fs\graceful-fs.js:61:22)
48 error     at Object.oncomplete (evalmachine.<anonymous>:107:15)
49 error If you need help, you may report this *entire* log,
49 error including the npm and node versions, at:
49 error     <http://github.com/npm/npm/issues>
50 error System Windows_NT 6.2.9200
51 error command "C:\\Program Files (x86)\\nodejs\\\\node.exe" "C:\\Program Files (x86)\\nodejs\\node_modules\\npm\\bin\\npm-cli.js" "install" "npm" "-g" "."
52 error cwd J:\Coding projects\LawnCo
53 error node -v v0.10.33
54 error npm -v 1.4.28
55 verbose exit [ 1, true ]
